Cache miss. Proceeding with video processing.
Traceback (most recent call last):
  File "/Users/lachlan/miniconda3/lib/python3.10/site-packages/urllib3/connection.py", line 174, in _new_conn
    conn = connection.create_connection(
  File "/Users/lachlan/miniconda3/lib/python3.10/site-packages/urllib3/util/connection.py", line 95, in create_connection
    raise err
  File "/Users/lachlan/miniconda3/lib/python3.10/site-packages/urllib3/util/connection.py", line 85, in create_connection
    sock.connect(sa)
TimeoutError: [Errno 60] Operation timed out

During handling of the above exception, another exception occurred:

Traceback (most recent call last):
  File "/Users/lachlan/miniconda3/lib/python3.10/site-packages/urllib3/connectionpool.py", line 715, in urlopen
    httplib_response = self._make_request(
  File "/Users/lachlan/miniconda3/lib/python3.10/site-packages/urllib3/connectionpool.py", line 416, in _make_request
    conn.request(method, url, **httplib_request_kw)
  File "/Users/lachlan/miniconda3/lib/python3.10/site-packages/urllib3/connection.py", line 244, in request
    super(HTTPConnection, self).request(method, url, body=body, headers=headers)
  File "/Users/lachlan/miniconda3/lib/python3.10/http/client.py", line 1283, in request
    self._send_request(method, url, body, headers, encode_chunked)
  File "/Users/lachlan/miniconda3/lib/python3.10/http/client.py", line 1329, in _send_request
    self.endheaders(body, encode_chunked=encode_chunked)
  File "/Users/lachlan/miniconda3/lib/python3.10/http/client.py", line 1278, in endheaders
    self._send_output(message_body, encode_chunked=encode_chunked)
  File "/Users/lachlan/miniconda3/lib/python3.10/http/client.py", line 1038, in _send_output
    self.send(msg)
  File "/Users/lachlan/miniconda3/lib/python3.10/http/client.py", line 976, in send
    self.connect()
  File "/Users/lachlan/miniconda3/lib/python3.10/site-packages/urllib3/connection.py", line 205, in connect
    conn = self._new_conn()
  File "/Users/lachlan/miniconda3/lib/python3.10/site-packages/urllib3/connection.py", line 179, in _new_conn
    raise ConnectTimeoutError(
urllib3.exceptions.ConnectTimeoutError: (<urllib3.connection.HTTPConnection object at 0x7fad0513d000>, 'Connection to lachlanserver timed out. (connect timeout=None)')

During handling of the above exception, another exception occurred:

Traceback (most recent call last):
  File "/Users/lachlan/miniconda3/lib/python3.10/site-packages/requests/adapters.py", line 486, in send
    resp = conn.urlopen(
  File "/Users/lachlan/miniconda3/lib/python3.10/site-packages/urllib3/connectionpool.py", line 799, in urlopen
    retries = retries.increment(
  File "/Users/lachlan/miniconda3/lib/python3.10/site-packages/urllib3/util/retry.py", line 592, in increment
    raise MaxRetryError(_pool, url, error or ResponseError(cause))
urllib3.exceptions.MaxRetryError: HTTPConnectionPool(host='lachlanserver', port=8080): Max retries exceeded with url: /video-processing (Caused by ConnectTimeoutError(<urllib3.connection.HTTPConnection object at 0x7fad0513d000>, 'Connection to lachlanserver timed out. (connect timeout=None)'))

During handling of the above exception, another exception occurred:

Traceback (most recent call last):
  File "/Users/lachlan/Documents/iProjects/auto-publish/autopub.py", line 211, in <module>
    success = process_file(
  File "/Users/lachlan/Documents/iProjects/auto-publish/autopub.py", line 83, in process_file
    zip_file_path = processor.process_video(use_cache=use_cache)
  File "/Users/lachlan/Documents/iProjects/auto-publish/process_video.py", line 64, in process_video
    response = requests.post(self.server_url, files=files)
  File "/Users/lachlan/miniconda3/lib/python3.10/site-packages/requests/api.py", line 115, in post
    return request("post", url, data=data, json=json, **kwargs)
  File "/Users/lachlan/miniconda3/lib/python3.10/site-packages/requests/api.py", line 59, in request
    return session.request(method=method, url=url, **kwargs)
  File "/Users/lachlan/miniconda3/lib/python3.10/site-packages/requests/sessions.py", line 589, in request
    resp = self.send(prep, **send_kwargs)
  File "/Users/lachlan/miniconda3/lib/python3.10/site-packages/requests/sessions.py", line 703, in send
    r = adapter.send(request, **kwargs)
  File "/Users/lachlan/miniconda3/lib/python3.10/site-packages/requests/adapters.py", line 507, in send
    raise ConnectTimeout(e, request=request)
requests.exceptions.ConnectTimeout: HTTPConnectionPool(host='lachlanserver', port=8080): Max retries exceeded with url: /video-processing (Caused by ConnectTimeoutError(<urllib3.connection.HTTPConnection object at 0x7fad0513d000>, 'Connection to lachlanserver timed out. (connect timeout=None)'))
